<?xml version="1.0" encoding="UTF-8"?>
<testng-results skipped="0" failed="0" ignored="0" total="1" passed="1">
  <reporter-output>
  </reporter-output>
  <suite name="Suite" duration-ms="171640" started-at="2018-11-19T06:53:39Z" finished-at="2018-11-19T06:56:30Z">
    <groups>
    </groups>
    <test name="Test" duration-ms="171640" started-at="2018-11-19T06:53:39Z" finished-at="2018-11-19T06:56:30Z">
      <class name="testScripts.UiKit">
        <test-method status="PASS" signature="launchDriver()[pri:0, instance:testScripts.UiKit@2038ae61]" name="launchDriver" is-config="true" duration-ms="167634" started-at="2018-11-19T06:53:39Z" finished-at="2018-11-19T06:56:26Z">
          <reporter-output>
          </reporter-output>
        </test-method> <!-- launchDriver -->
        <test-method status="PASS" signature="search()[pri:0, instance:testScripts.UiKit@2038ae61]" name="search" duration-ms="3877" started-at="2018-11-19T06:56:26Z" finished-at="2018-11-19T06:56:30Z">
          <reporter-output>
          </reporter-output>
        </test-method> <!-- search -->
      </class> <!-- testScripts.UiKit -->
    </test> <!-- Test -->
  </suite> <!-- Suite -->
</testng-results>
